2026-01-12 01:23:03.872 [restartedMain] INFO  c.example.Fuba_BE.FubaBeApplication - Starting FubaBeApplication using Java 23.0.2 with PID 28592 (D:\OOAD\DoAn\FubaBusBE\target\classes started by QuocThang in D:\OOAD\DoAn\FubaBusBE)
2026-01-12 01:23:03.876 [restartedMain] INFO  c.example.Fuba_BE.FubaBeApplication - No active profile set, falling back to 1 default profile: "default"
2026-01-12 01:23:22.067 [restartedMain] INFO  c.example.Fuba_BE.FubaBeApplication - Started FubaBeApplication in 18.493 seconds (process running for 18.911)
2026-01-12 01:23:22.133 [restartedMain] INFO  c.example.Fuba_BE.FubaBeApplication - Fuba_BE application started successfully.
2026-01-12 10:47:43.152 [restartedMain] INFO  c.example.Fuba_BE.FubaBeApplication - Starting FubaBeApplication using Java 23.0.2 with PID 3576 (D:\OOAD\DoAn\FubaBusBE\target\classes started by QuocThang in D:\OOAD\DoAn\FubaBusBE)
2026-01-12 10:47:43.154 [restartedMain] INFO  c.example.Fuba_BE.FubaBeApplication - No active profile set, falling back to 1 default profile: "default"
2026-01-12 10:48:03.081 [restartedMain] INFO  c.example.Fuba_BE.FubaBeApplication - Started FubaBeApplication in 20.259 seconds (process running for 20.576)
2026-01-12 10:48:03.154 [restartedMain] INFO  c.example.Fuba_BE.FubaBeApplication - Fuba_BE application started successfully.
2026-01-12 10:55:04.138 [http-nio-5230-exec-4] WARN  o.s.d.w.c.SpringDataJackson3Configuration$PageModule$WarningLoggingModifier - Serializing PageImpl instances as-is is not supported, meaning that there is no guarantee about the stability of the resulting JSON structure!
	For a stable JSON structure, please use Spring Data's PagedModel (globally via @EnableSpringDataWebSupport(pageSerializationMode = VIA_DTO))
	or Spring HATEOAS and Spring Data's PagedResourcesAssembler as documented in https://docs.spring.io/spring-data/commons/reference/repositories/core-extensions.html#core.web.pageables.

2026-01-12 11:22:58.242 [restartedMain] INFO  c.example.Fuba_BE.FubaBeApplication - Starting FubaBeApplication using Java 23.0.2 with PID 11656 (D:\OOAD\DoAn\FubaBusBE\target\classes started by QuocThang in D:\OOAD\DoAn\FubaBusBE)
2026-01-12 11:22:58.244 [restartedMain] INFO  c.example.Fuba_BE.FubaBeApplication - No active profile set, falling back to 1 default profile: "default"
2026-01-12 11:23:16.435 [restartedMain] INFO  c.example.Fuba_BE.FubaBeApplication - Started FubaBeApplication in 18.529 seconds (process running for 18.847)
2026-01-12 11:23:16.491 [restartedMain] INFO  c.example.Fuba_BE.FubaBeApplication - Fuba_BE application started successfully.
2026-01-12 11:25:11.140 [http-nio-5230-exec-2] WARN  o.s.d.w.c.SpringDataJackson3Configuration$PageModule$WarningLoggingModifier - Serializing PageImpl instances as-is is not supported, meaning that there is no guarantee about the stability of the resulting JSON structure!
	For a stable JSON structure, please use Spring Data's PagedModel (globally via @EnableSpringDataWebSupport(pageSerializationMode = VIA_DTO))
	or Spring HATEOAS and Spring Data's PagedResourcesAssembler as documented in https://docs.spring.io/spring-data/commons/reference/repositories/core-extensions.html#core.web.pageables.

2026-01-12 22:32:30.570 [restartedMain] INFO  c.example.Fuba_BE.FubaBeApplication - Starting FubaBeApplication using Java 23.0.2 with PID 22208 (D:\OOAD\DoAn\FubaBusBE\target\classes started by QuocThang in D:\OOAD\DoAn\FubaBusBE)
2026-01-12 22:32:30.572 [restartedMain] INFO  c.example.Fuba_BE.FubaBeApplication - No active profile set, falling back to 1 default profile: "default"
2026-01-12 22:32:43.619 [restartedMain] INFO  c.example.Fuba_BE.FubaBeApplication - Started FubaBeApplication in 13.373 seconds (process running for 13.711)
2026-01-12 22:32:43.675 [restartedMain] INFO  c.example.Fuba_BE.FubaBeApplication - Fuba_BE application started successfully.
2026-01-12 22:48:09.180 [restartedMain] INFO  c.example.Fuba_BE.FubaBeApplication - Starting FubaBeApplication using Java 23.0.2 with PID 22208 (D:\OOAD\DoAn\FubaBusBE\target\classes started by QuocThang in D:\OOAD\DoAn\FubaBusBE)
2026-01-12 22:48:09.181 [restartedMain] INFO  c.example.Fuba_BE.FubaBeApplication - No active profile set, falling back to 1 default profile: "default"
2026-01-12 22:48:09.766 [restartedMain] WARN  o.s.b.w.s.s.c.AnnotationConfigServletWebServerApplicationContext - Exception encountered during context initialization - cancelling refresh attempt: org.springframework.beans.factory.BeanDefinitionStoreException: Could not enhance configuration class [com.example.Fuba_BE.config.SeatLockSchedulerConfig]. Consider declaring @Configuration(proxyBeanMethods=false) without inter-bean references between @Bean methods on the configuration class, avoiding the need for CGLIB enhancement.
2026-01-12 22:48:09.785 [restartedMain] ERROR o.s.boot.SpringApplication - Application run failed
org.springframework.beans.factory.BeanDefinitionStoreException: Could not enhance configuration class [com.example.Fuba_BE.config.SeatLockSchedulerConfig]. Consider declaring @Configuration(proxyBeanMethods=false) without inter-bean references between @Bean methods on the configuration class, avoiding the need for CGLIB enhancement.
	at org.springframework.context.annotation.ConfigurationClassEnhancer.enhance(ConfigurationClassEnhancer.java:136)
	at org.springframework.context.annotation.ConfigurationClassPostProcessor.enhanceConfigurationClasses(ConfigurationClassPostProcessor.java:566)
	at org.springframework.context.annotation.ConfigurationClassPostProcessor.postProcessBeanFactory(ConfigurationClassPostProcessor.java:327)
	at org.springframework.context.support.PostProcessorRegistrationDelegate.invokeBeanFactoryPostProcessors(PostProcessorRegistrationDelegate.java:363)
	at org.springframework.context.support.PostProcessorRegistrationDelegate.invokeBeanFactoryPostProcessors(PostProcessorRegistrationDelegate.java:153)
	at org.springframework.context.support.AbstractApplicationContext.invokeBeanFactoryPostProcessors(AbstractApplicationContext.java:784)
	at org.springframework.context.support.AbstractApplicationContext.refresh(AbstractApplicationContext.java:602)
	at org.springframework.boot.web.server.servlet.context.ServletWebServerApplicationContext.refresh(ServletWebServerApplicationContext.java:143)
	at org.springframework.boot.SpringApplication.refresh(SpringApplication.java:765)
	at org.springframework.boot.SpringApplication.refreshContext(SpringApplication.java:454)
	at org.springframework.boot.SpringApplication.run(SpringApplication.java:321)
	at org.springframework.boot.SpringApplication.run(SpringApplication.java:1374)
	at org.springframework.boot.SpringApplication.run(SpringApplication.java:1363)
	at com.example.Fuba_BE.FubaBeApplication.main(FubaBeApplication.java:15)
	at java.base/jdk.internal.reflect.DirectMethodHandleAccessor.invoke(DirectMethodHandleAccessor.java:103)
	at java.base/java.lang.reflect.Method.invoke(Method.java:580)
	at org.springframework.boot.devtools.restart.RestartLauncher.run(RestartLauncher.java:52)
Caused by: org.springframework.cglib.core.CodeGenerationException: java.lang.NoClassDefFoundError-->com/example/Fuba_BE/repository/BookingRepository
	at org.springframework.context.annotation.ConfigurationClassEnhancer.createClass(ConfigurationClassEnhancer.java:202)
	at org.springframework.context.annotation.ConfigurationClassEnhancer.enhance(ConfigurationClassEnhancer.java:128)
	... 16 common frames omitted
Caused by: java.lang.NoClassDefFoundError: com/example/Fuba_BE/repository/BookingRepository
	at java.base/java.lang.Class.getDeclaredConstructors0(Native Method)
	at java.base/java.lang.Class.privateGetDeclaredConstructors(Class.java:3621)
	at java.base/java.lang.Class.getDeclaredConstructors(Class.java:2786)
	at org.springframework.cglib.proxy.Enhancer.generateClass(Enhancer.java:655)
	at org.springframework.cglib.transform.TransformingClassGenerator.generateClass(TransformingClassGenerator.java:35)
	at org.springframework.cglib.core.DefaultGeneratorStrategy.generate(DefaultGeneratorStrategy.java:26)
	at org.springframework.cglib.core.ClassLoaderAwareGeneratorStrategy.lambda$new$0(ClassLoaderAwareGeneratorStrategy.java:41)
	at org.springframework.cglib.core.ClassLoaderAwareGeneratorStrategy.generate(ClassLoaderAwareGeneratorStrategy.java:76)
	at org.springframework.cglib.core.AbstractClassGenerator.generate(AbstractClassGenerator.java:370)
	at org.springframework.cglib.proxy.Enhancer.generate(Enhancer.java:575)
	at org.springframework.cglib.core.AbstractClassGenerator$ClassLoaderData.get(AbstractClassGenerator.java:133)
	at org.springframework.cglib.core.AbstractClassGenerator.create(AbstractClassGenerator.java:321)
	at org.springframework.cglib.proxy.Enhancer.createHelper(Enhancer.java:562)
	at org.springframework.cglib.proxy.Enhancer.createClass(Enhancer.java:407)
	at org.springframework.context.annotation.ConfigurationClassEnhancer.createClass(ConfigurationClassEnhancer.java:198)
	... 17 common frames omitted
Caused by: java.lang.ClassNotFoundException: com.example.Fuba_BE.repository.BookingRepository
	at java.base/jdk.internal.loader.BuiltinClassLoader.loadClass(BuiltinClassLoader.java:641)
	at java.base/jdk.internal.loader.ClassLoaders$AppClassLoader.loadClass(ClassLoaders.java:188)
	at java.base/java.lang.ClassLoader.loadClass(ClassLoader.java:528)
	at java.base/java.lang.Class.forName0(Native Method)
	at java.base/java.lang.Class.forName(Class.java:578)
	at java.base/java.lang.Class.forName(Class.java:557)
	at org.springframework.boot.devtools.restart.classloader.RestartClassLoader.loadClass(RestartClassLoader.java:123)
	at java.base/java.lang.ClassLoader.loadClass(ClassLoader.java:528)
	... 32 common frames omitted
2026-01-12 22:48:11.710 [restartedMain] INFO  c.example.Fuba_BE.FubaBeApplication - Starting FubaBeApplication using Java 23.0.2 with PID 22208 (D:\OOAD\DoAn\FubaBusBE\target\classes started by QuocThang in D:\OOAD\DoAn\FubaBusBE)
2026-01-12 22:48:11.710 [restartedMain] INFO  c.example.Fuba_BE.FubaBeApplication - No active profile set, falling back to 1 default profile: "default"
2026-01-12 22:48:20.163 [restartedMain] INFO  c.example.Fuba_BE.FubaBeApplication - Started FubaBeApplication in 8.473 seconds (process running for 950.255)
2026-01-12 22:48:20.164 [restartedMain] INFO  c.example.Fuba_BE.FubaBeApplication - Fuba_BE application started successfully.
2026-01-12 22:48:29.088 [restartedMain] INFO  c.example.Fuba_BE.FubaBeApplication - Starting FubaBeApplication using Java 23.0.2 with PID 22208 (D:\OOAD\DoAn\FubaBusBE\target\classes started by QuocThang in D:\OOAD\DoAn\FubaBusBE)
2026-01-12 22:48:29.088 [restartedMain] INFO  c.example.Fuba_BE.FubaBeApplication - No active profile set, falling back to 1 default profile: "default"
2026-01-12 22:48:37.194 [restartedMain] INFO  c.example.Fuba_BE.FubaBeApplication - Started FubaBeApplication in 8.117 seconds (process running for 967.286)
2026-01-12 22:48:37.195 [restartedMain] INFO  c.example.Fuba_BE.FubaBeApplication - Fuba_BE application started successfully.
2026-01-12 22:48:40.994 [restartedMain] INFO  c.example.Fuba_BE.FubaBeApplication - Starting FubaBeApplication using Java 23.0.2 with PID 22208 (D:\OOAD\DoAn\FubaBusBE\target\classes started by QuocThang in D:\OOAD\DoAn\FubaBusBE)
2026-01-12 22:48:40.994 [restartedMain] INFO  c.example.Fuba_BE.FubaBeApplication - No active profile set, falling back to 1 default profile: "default"
2026-01-12 22:48:49.186 [restartedMain] INFO  c.example.Fuba_BE.FubaBeApplication - Started FubaBeApplication in 8.213 seconds (process running for 979.292)
2026-01-12 22:48:49.200 [restartedMain] INFO  c.example.Fuba_BE.FubaBeApplication - Fuba_BE application started successfully.
2026-01-12 22:49:00.574 [restartedMain] INFO  c.example.Fuba_BE.FubaBeApplication - Starting FubaBeApplication using Java 23.0.2 with PID 22208 (D:\OOAD\DoAn\FubaBusBE\target\classes started by QuocThang in D:\OOAD\DoAn\FubaBusBE)
2026-01-12 22:49:00.574 [restartedMain] INFO  c.example.Fuba_BE.FubaBeApplication - No active profile set, falling back to 1 default profile: "default"
2026-01-12 22:49:08.196 [restartedMain] INFO  c.example.Fuba_BE.FubaBeApplication - Started FubaBeApplication in 7.637 seconds (process running for 998.289)
2026-01-12 22:49:08.198 [restartedMain] INFO  c.example.Fuba_BE.FubaBeApplication - Fuba_BE application started successfully.
2026-01-12 22:49:16.097 [restartedMain] INFO  c.example.Fuba_BE.FubaBeApplication - Starting FubaBeApplication using Java 23.0.2 with PID 22208 (D:\OOAD\DoAn\FubaBusBE\target\classes started by QuocThang in D:\OOAD\DoAn\FubaBusBE)
2026-01-12 22:49:16.097 [restartedMain] INFO  c.example.Fuba_BE.FubaBeApplication - No active profile set, falling back to 1 default profile: "default"
2026-01-12 22:49:23.787 [restartedMain] INFO  c.example.Fuba_BE.FubaBeApplication - Started FubaBeApplication in 7.703 seconds (process running for 1013.879)
2026-01-12 22:49:23.789 [restartedMain] INFO  c.example.Fuba_BE.FubaBeApplication - Fuba_BE application started successfully.
2026-01-12 22:49:32.123 [restartedMain] INFO  c.example.Fuba_BE.FubaBeApplication - Starting FubaBeApplication using Java 23.0.2 with PID 22208 (D:\OOAD\DoAn\FubaBusBE\target\classes started by QuocThang in D:\OOAD\DoAn\FubaBusBE)
2026-01-12 22:49:32.123 [restartedMain] INFO  c.example.Fuba_BE.FubaBeApplication - No active profile set, falling back to 1 default profile: "default"
2026-01-12 22:49:39.752 [restartedMain] INFO  c.example.Fuba_BE.FubaBeApplication - Started FubaBeApplication in 7.646 seconds (process running for 1029.844)
2026-01-12 22:49:39.752 [restartedMain] INFO  c.example.Fuba_BE.FubaBeApplication - Fuba_BE application started successfully.
2026-01-12 22:51:31.487 [http-nio-5230-exec-2] WARN  o.s.d.w.c.SpringDataJackson3Configuration$PageModule$WarningLoggingModifier - Serializing PageImpl instances as-is is not supported, meaning that there is no guarantee about the stability of the resulting JSON structure!
	For a stable JSON structure, please use Spring Data's PagedModel (globally via @EnableSpringDataWebSupport(pageSerializationMode = VIA_DTO))
	or Spring HATEOAS and Spring Data's PagedResourcesAssembler as documented in https://docs.spring.io/spring-data/commons/reference/repositories/core-extensions.html#core.web.pageables.

2026-01-12 22:51:54.295 [restartedMain] INFO  c.example.Fuba_BE.FubaBeApplication - Starting FubaBeApplication using Java 23.0.2 with PID 22208 (D:\OOAD\DoAn\FubaBusBE\target\classes started by QuocThang in D:\OOAD\DoAn\FubaBusBE)
2026-01-12 22:51:54.295 [restartedMain] INFO  c.example.Fuba_BE.FubaBeApplication - No active profile set, falling back to 1 default profile: "default"
2026-01-12 22:52:02.429 [restartedMain] INFO  c.example.Fuba_BE.FubaBeApplication - Started FubaBeApplication in 8.147 seconds (process running for 1172.522)
2026-01-12 22:52:02.430 [restartedMain] INFO  c.example.Fuba_BE.FubaBeApplication - Fuba_BE application started successfully.
2026-01-12 22:54:22.032 [restartedMain] INFO  c.example.Fuba_BE.FubaBeApplication - Starting FubaBeApplication using Java 23.0.2 with PID 22208 (D:\OOAD\DoAn\FubaBusBE\target\classes started by QuocThang in D:\OOAD\DoAn\FubaBusBE)
2026-01-12 22:54:22.033 [restartedMain] INFO  c.example.Fuba_BE.FubaBeApplication - No active profile set, falling back to 1 default profile: "default"
2026-01-12 22:54:32.630 [restartedMain] INFO  c.example.Fuba_BE.FubaBeApplication - Started FubaBeApplication in 10.61 seconds (process running for 1322.722)
2026-01-12 22:54:32.631 [restartedMain] INFO  c.example.Fuba_BE.FubaBeApplication - Fuba_BE application started successfully.
2026-01-12 22:54:39.627 [restartedMain] INFO  c.example.Fuba_BE.FubaBeApplication - Starting FubaBeApplication using Java 23.0.2 with PID 22208 (D:\OOAD\DoAn\FubaBusBE\target\classes started by QuocThang in D:\OOAD\DoAn\FubaBusBE)
2026-01-12 22:54:39.627 [restartedMain] INFO  c.example.Fuba_BE.FubaBeApplication - No active profile set, falling back to 1 default profile: "default"
2026-01-12 22:54:47.442 [restartedMain] INFO  c.example.Fuba_BE.FubaBeApplication - Started FubaBeApplication in 7.827 seconds (process running for 1337.534)
2026-01-12 22:54:47.443 [restartedMain] INFO  c.example.Fuba_BE.FubaBeApplication - Fuba_BE application started successfully.
2026-01-12 22:54:51.747 [restartedMain] INFO  c.example.Fuba_BE.FubaBeApplication - Starting FubaBeApplication using Java 23.0.2 with PID 22208 (D:\OOAD\DoAn\FubaBusBE\target\classes started by QuocThang in D:\OOAD\DoAn\FubaBusBE)
2026-01-12 22:54:51.747 [restartedMain] INFO  c.example.Fuba_BE.FubaBeApplication - No active profile set, falling back to 1 default profile: "default"
2026-01-12 22:55:05.025 [restartedMain] INFO  c.example.Fuba_BE.FubaBeApplication - Started FubaBeApplication in 13.29 seconds (process running for 1355.117)
2026-01-12 22:55:05.026 [restartedMain] INFO  c.example.Fuba_BE.FubaBeApplication - Fuba_BE application started successfully.
2026-01-12 22:55:10.894 [restartedMain] INFO  c.example.Fuba_BE.FubaBeApplication - Starting FubaBeApplication using Java 23.0.2 with PID 22208 (D:\OOAD\DoAn\FubaBusBE\target\classes started by QuocThang in D:\OOAD\DoAn\FubaBusBE)
2026-01-12 22:55:10.894 [restartedMain] INFO  c.example.Fuba_BE.FubaBeApplication - No active profile set, falling back to 1 default profile: "default"
2026-01-12 22:55:19.837 [restartedMain] INFO  c.example.Fuba_BE.FubaBeApplication - Started FubaBeApplication in 8.952 seconds (process running for 1369.941)
2026-01-12 22:55:19.849 [restartedMain] INFO  c.example.Fuba_BE.FubaBeApplication - Fuba_BE application started successfully.
2026-01-12 22:56:24.253 [restartedMain] INFO  c.example.Fuba_BE.FubaBeApplication - Starting FubaBeApplication using Java 23.0.2 with PID 22208 (D:\OOAD\DoAn\FubaBusBE\target\classes started by QuocThang in D:\OOAD\DoAn\FubaBusBE)
2026-01-12 22:56:24.253 [restartedMain] INFO  c.example.Fuba_BE.FubaBeApplication - No active profile set, falling back to 1 default profile: "default"
2026-01-12 22:56:33.695 [restartedMain] INFO  c.example.Fuba_BE.FubaBeApplication - Started FubaBeApplication in 9.452 seconds (process running for 1443.787)
2026-01-12 22:56:33.698 [restartedMain] INFO  c.example.Fuba_BE.FubaBeApplication - Fuba_BE application started successfully.
2026-01-12 23:00:40.860 [restartedMain] INFO  c.example.Fuba_BE.FubaBeApplication - Starting FubaBeApplication using Java 23.0.2 with PID 22208 (D:\OOAD\DoAn\FubaBusBE\target\classes started by QuocThang in D:\OOAD\DoAn\FubaBusBE)
2026-01-12 23:00:40.861 [restartedMain] INFO  c.example.Fuba_BE.FubaBeApplication - No active profile set, falling back to 1 default profile: "default"
2026-01-12 23:00:49.685 [restartedMain] INFO  c.example.Fuba_BE.FubaBeApplication - Started FubaBeApplication in 8.851 seconds (process running for 1699.778)
2026-01-12 23:00:49.687 [restartedMain] INFO  c.example.Fuba_BE.FubaBeApplication - Fuba_BE application started successfully.
2026-01-12 23:01:01.807 [restartedMain] INFO  c.example.Fuba_BE.FubaBeApplication - Starting FubaBeApplication using Java 23.0.2 with PID 22208 (D:\OOAD\DoAn\FubaBusBE\target\classes started by QuocThang in D:\OOAD\DoAn\FubaBusBE)
2026-01-12 23:01:01.807 [restartedMain] INFO  c.example.Fuba_BE.FubaBeApplication - No active profile set, falling back to 1 default profile: "default"
2026-01-12 23:01:10.217 [restartedMain] INFO  c.example.Fuba_BE.FubaBeApplication - Started FubaBeApplication in 8.437 seconds (process running for 1720.309)
2026-01-12 23:01:10.219 [restartedMain] INFO  c.example.Fuba_BE.FubaBeApplication - Fuba_BE application started successfully.
2026-01-12 23:01:16.293 [restartedMain] INFO  c.example.Fuba_BE.FubaBeApplication - Starting FubaBeApplication using Java 23.0.2 with PID 22208 (D:\OOAD\DoAn\FubaBusBE\target\classes started by QuocThang in D:\OOAD\DoAn\FubaBusBE)
2026-01-12 23:01:16.293 [restartedMain] INFO  c.example.Fuba_BE.FubaBeApplication - No active profile set, falling back to 1 default profile: "default"
2026-01-12 23:01:23.926 [restartedMain] INFO  c.example.Fuba_BE.FubaBeApplication - Started FubaBeApplication in 7.646 seconds (process running for 1734.019)
2026-01-12 23:01:23.927 [restartedMain] INFO  c.example.Fuba_BE.FubaBeApplication - Fuba_BE application started successfully.
